[2022-11-01T04:29:17.858] [ERROR] errorOnly - No se encontró el producto con esa ID TypeError: Cannot read properties of null (reading 'remove')
    at file:///C:/Users/Dane/Documents/Workspace/Backend%20Final/final2/daos/cartsDAOMongoDB.js:51:42
    at runMicrotasks (<anonymous>)
    at processTicksAndRejections (node:internal/process/task_queues:96:5)
[2022-11-01T04:29:19.242] [ERROR] errorOnly - No se encontró el producto con esa ID TypeError: Cannot read properties of null (reading 'remove')
    at file:///C:/Users/Dane/Documents/Workspace/Backend%20Final/final2/daos/cartsDAOMongoDB.js:51:42
    at runMicrotasks (<anonymous>)
    at processTicksAndRejections (node:internal/process/task_queues:96:5)
[2022-11-01T04:29:32.020] [ERROR] errorOnly - ValidationError: client.address: Path `address` is required., client.phone: Path `phone` is required., client.name: Path `name` is required.
[2022-11-01T04:29:34.065] [ERROR] errorOnly - ValidationError: client.address: Path `address` is required., client.phone: Path `phone` is required., client.name: Path `name` is required.
[2022-11-01T04:37:32.381] [ERROR] errorOnly - No se encontró el producto con esa ID TypeError: Cannot read properties of null (reading 'remove')
    at file:///C:/Users/Dane/Documents/Workspace/Backend%20Final/final2/daos/cartsDAOMongoDB.js:51:42
    at runMicrotasks (<anonymous>)
    at processTicksAndRejections (node:internal/process/task_queues:96:5)
[2022-11-01T04:37:33.410] [ERROR] errorOnly - No se encontró el producto con esa ID TypeError: Cannot read properties of null (reading 'remove')
    at file:///C:/Users/Dane/Documents/Workspace/Backend%20Final/final2/daos/cartsDAOMongoDB.js:51:42
    at runMicrotasks (<anonymous>)
    at processTicksAndRejections (node:internal/process/task_queues:96:5)
[2022-11-01T04:37:36.327] [ERROR] errorOnly - ValidationError: client.address: Path `address` is required., client.phone: Path `phone` is required., client.name: Path `name` is required.
[2022-11-01T04:40:48.904] [ERROR] errorOnly - RestException [Error]: Twilio could not find a Channel with the specified From address
    at success (C:\Users\Dane\Documents\Workspace\Backend Final\final2\node_modules\twilio\lib\base\Version.js:135:15)
    at Promise_then_fulfilled (C:\Users\Dane\Documents\Workspace\Backend Final\final2\node_modules\twilio\node_modules\q\q.js:766:44)
    at Promise_done_fulfilled (C:\Users\Dane\Documents\Workspace\Backend Final\final2\node_modules\twilio\node_modules\q\q.js:835:31)
    at Fulfilled_dispatch [as dispatch] (C:\Users\Dane\Documents\Workspace\Backend Final\final2\node_modules\twilio\node_modules\q\q.js:1229:9)
    at Pending_become_eachMessage_task (C:\Users\Dane\Documents\Workspace\Backend Final\final2\node_modules\twilio\node_modules\q\q.js:1369:30)
    at RawTask.call (C:\Users\Dane\Documents\Workspace\Backend Final\final2\node_modules\asap\asap.js:40:19)
    at flush (C:\Users\Dane\Documents\Workspace\Backend Final\final2\node_modules\asap\raw.js:50:29)
    at processTicksAndRejections (node:internal/process/task_queues:78:11) {
  status: 400,
  code: 63007,
  moreInfo: 'https://www.twilio.com/docs/errors/63007',
  details: undefined
}
[2022-11-01T04:46:17.000] [ERROR] errorOnly - No se encontró el producto con esa ID TypeError: Cannot read properties of null (reading 'remove')
    at file:///C:/Users/Dane/Documents/Workspace/Backend%20Final/final2/daos/cartsDAOMongoDB.js:51:42
    at runMicrotasks (<anonymous>)
    at processTicksAndRejections (node:internal/process/task_queues:96:5)
[2022-11-01T04:48:26.834] [ERROR] errorOnly - No se encontró el producto con esa ID TypeError: Cannot read properties of null (reading 'remove')
    at file:///C:/Users/Dane/Documents/Workspace/Backend%20Final/final2/daos/cartsDAOMongoDB.js:51:42
    at runMicrotasks (<anonymous>)
    at processTicksAndRejections (node:internal/process/task_queues:96:5)
[2022-11-01T06:41:36.111] [ERROR] errorOnly - RestException [Error]: Twilio could not find a Channel with the specified From address
    at success (C:\Users\Dane\Documents\Workspace\Curso Back End\back-end-repositorio\entregas\final\node_modules\twilio\lib\base\Version.js:135:15)
    at Promise_then_fulfilled (C:\Users\Dane\Documents\Workspace\Curso Back End\back-end-repositorio\entregas\final\node_modules\twilio\node_modules\q\q.js:766:44)
    at Promise_done_fulfilled (C:\Users\Dane\Documents\Workspace\Curso Back End\back-end-repositorio\entregas\final\node_modules\twilio\node_modules\q\q.js:835:31)
    at Fulfilled_dispatch [as dispatch] (C:\Users\Dane\Documents\Workspace\Curso Back End\back-end-repositorio\entregas\final\node_modules\twilio\node_modules\q\q.js:1229:9)
    at Pending_become_eachMessage_task (C:\Users\Dane\Documents\Workspace\Curso Back End\back-end-repositorio\entregas\final\node_modules\twilio\node_modules\q\q.js:1369:30)
    at RawTask.call (C:\Users\Dane\Documents\Workspace\Curso Back End\back-end-repositorio\entregas\final\node_modules\asap\asap.js:40:19)
    at flush (C:\Users\Dane\Documents\Workspace\Curso Back End\back-end-repositorio\entregas\final\node_modules\asap\raw.js:50:29)
    at processTicksAndRejections (node:internal/process/task_queues:78:11) {
  status: 400,
  code: 63007,
  moreInfo: 'https://www.twilio.com/docs/errors/63007',
  details: undefined
}
[2022-11-01T06:42:36.364] [ERROR] errorOnly - ValidationError: client.address: Path `address` is required., client.phone: Path `phone` is required., client.name: Path `name` is required.
