[2022-11-01T04:26:49.326] [WARN] warnOnly - Ruta /shop/as método GET no implementada
[2022-11-01T04:26:49.578] [WARN] warnOnly - Ruta /shop/a método GET no implementada
[2022-11-01T04:26:49.586] [WARN] warnOnly - Ruta /shop/asd método GET no implementada
[2022-11-01T04:27:11.742] [WARN] warnOnly - Ruta /shop/asd método GET no implementada
[2022-11-01T04:27:11.751] [WARN] warnOnly - Ruta /shop/as método GET no implementada
[2022-11-01T04:27:11.755] [WARN] warnOnly - Ruta /shop/a método GET no implementada
[2022-11-01T04:27:55.118] [WARN] warnOnly - Ruta /shop/asd método GET no implementada
[2022-11-01T04:27:55.134] [WARN] warnOnly - Ruta /shop/a método GET no implementada
[2022-11-01T04:27:55.136] [WARN] warnOnly - Ruta /shop/as método GET no implementada
[2022-11-01T04:28:01.757] [WARN] warnOnly - Ruta /shop/as método GET no implementada
[2022-11-01T04:28:01.759] [WARN] warnOnly - Ruta /shop/asd método GET no implementada
[2022-11-01T04:28:01.763] [WARN] warnOnly - Ruta /shop/a método GET no implementada
[2022-11-01T04:28:51.762] [WARN] warnOnly - Ruta /shop/asd método GET no implementada
[2022-11-01T04:28:51.774] [WARN] warnOnly - Ruta /shop/a método GET no implementada
[2022-11-01T04:28:51.782] [WARN] warnOnly - Ruta /shop/as método GET no implementada
[2022-11-01T04:29:06.622] [WARN] warnOnly - Ruta /shop/asd método GET no implementada
[2022-11-01T04:29:06.625] [WARN] warnOnly - Ruta /shop/as método GET no implementada
[2022-11-01T04:29:06.630] [WARN] warnOnly - Ruta /shop/a método GET no implementada
[2022-11-01T04:29:15.505] [WARN] warnOnly - Ruta /mycart/62df0a60b62331a57a3037ec método GET no implementada
[2022-11-01T04:29:22.212] [WARN] warnOnly - Ruta /shop/asd método GET no implementada
[2022-11-01T04:29:22.222] [WARN] warnOnly - Ruta /shop/a método GET no implementada
[2022-11-01T04:29:22.226] [WARN] warnOnly - Ruta /shop/as método GET no implementada
[2022-11-01T04:29:35.935] [WARN] warnOnly - Ruta /shop/asd método GET no implementada
[2022-11-01T04:29:35.943] [WARN] warnOnly - Ruta /shop/a método GET no implementada
[2022-11-01T04:29:35.951] [WARN] warnOnly - Ruta /shop/as método GET no implementada
[2022-11-01T04:29:57.346] [WARN] warnOnly - Ruta /shop/asd método GET no implementada
[2022-11-01T04:29:57.356] [WARN] warnOnly - Ruta /shop/a método GET no implementada
[2022-11-01T04:29:57.363] [WARN] warnOnly - Ruta /shop/as método GET no implementada
[2022-11-01T04:30:03.669] [WARN] warnOnly - Ruta /shop/asd método GET no implementada
[2022-11-01T04:30:03.678] [WARN] warnOnly - Ruta /shop/a método GET no implementada
[2022-11-01T04:30:03.680] [WARN] warnOnly - Ruta /shop/as método GET no implementada
[2022-11-01T04:30:16.947] [WARN] warnOnly - Ruta /shop/asd método GET no implementada
[2022-11-01T04:30:16.958] [WARN] warnOnly - Ruta /shop/as método GET no implementada
[2022-11-01T04:30:16.959] [WARN] warnOnly - Ruta /shop/a método GET no implementada
[2022-11-01T04:30:25.876] [WARN] warnOnly - Ruta /shop/asd método GET no implementada
[2022-11-01T04:30:25.885] [WARN] warnOnly - Ruta /shop/as método GET no implementada
[2022-11-01T04:30:25.886] [WARN] warnOnly - Ruta /shop/a método GET no implementada
[2022-11-01T04:30:30.476] [WARN] warnOnly - Ruta /shop/asd método GET no implementada
[2022-11-01T04:30:30.483] [WARN] warnOnly - Ruta /shop/a método GET no implementada
[2022-11-01T04:30:30.487] [WARN] warnOnly - Ruta /shop/as método GET no implementada
[2022-11-01T04:30:46.926] [WARN] warnOnly - Ruta /shop/asd método GET no implementada
[2022-11-01T04:30:46.936] [WARN] warnOnly - Ruta /shop/a método GET no implementada
[2022-11-01T04:30:46.943] [WARN] warnOnly - Ruta /shop/as método GET no implementada
[2022-11-01T04:31:06.461] [WARN] warnOnly - Ruta /shop/asd método GET no implementada
[2022-11-01T04:31:06.471] [WARN] warnOnly - Ruta /shop/a método GET no implementada
[2022-11-01T04:31:06.473] [WARN] warnOnly - Ruta /shop/as método GET no implementada
[2022-11-01T04:31:11.741] [WARN] warnOnly - Ruta /shop/asd método GET no implementada
[2022-11-01T04:31:11.750] [WARN] warnOnly - Ruta /shop/a método GET no implementada
[2022-11-01T04:31:11.757] [WARN] warnOnly - Ruta /shop/as método GET no implementada
[2022-11-01T04:31:52.440] [WARN] warnOnly - Ruta /shop/asd método GET no implementada
[2022-11-01T04:31:52.451] [WARN] warnOnly - Ruta /shop/as método GET no implementada
[2022-11-01T04:31:52.460] [WARN] warnOnly - Ruta /shop/a método GET no implementada
[2022-11-01T04:32:55.298] [WARN] warnOnly - Ruta /shop/asd método GET no implementada
[2022-11-01T04:32:55.306] [WARN] warnOnly - Ruta /shop/as método GET no implementada
[2022-11-01T04:32:55.314] [WARN] warnOnly - Ruta /shop/a método GET no implementada
[2022-11-01T04:34:10.968] [WARN] warnOnly - Ruta /shop/asd método GET no implementada
[2022-11-01T04:34:10.986] [WARN] warnOnly - Ruta /shop/as método GET no implementada
[2022-11-01T04:34:10.988] [WARN] warnOnly - Ruta /shop/a método GET no implementada
[2022-11-01T04:34:15.773] [WARN] warnOnly - Ruta /shop/asd método GET no implementada
[2022-11-01T04:34:15.782] [WARN] warnOnly - Ruta /shop/a método GET no implementada
[2022-11-01T04:34:15.783] [WARN] warnOnly - Ruta /shop/as método GET no implementada
[2022-11-01T04:34:34.070] [WARN] warnOnly - Ruta /shop/asd método GET no implementada
[2022-11-01T04:34:34.072] [WARN] warnOnly - Ruta /shop/as método GET no implementada
[2022-11-01T04:34:34.075] [WARN] warnOnly - Ruta /shop/a método GET no implementada
[2022-11-01T04:34:53.837] [WARN] warnOnly - Ruta /shop/asd método GET no implementada
[2022-11-01T04:34:53.850] [WARN] warnOnly - Ruta /shop/a método GET no implementada
[2022-11-01T04:34:53.855] [WARN] warnOnly - Ruta /shop/as método GET no implementada
[2022-11-01T04:35:05.139] [WARN] warnOnly - Ruta /shop/asd método GET no implementada
[2022-11-01T04:35:05.181] [WARN] warnOnly - Ruta /shop/as método GET no implementada
[2022-11-01T04:35:05.183] [WARN] warnOnly - Ruta /shop/a método GET no implementada
[2022-11-01T04:35:28.831] [WARN] warnOnly - Ruta /shop/asd método GET no implementada
[2022-11-01T04:35:28.837] [WARN] warnOnly - Ruta /shop/a método GET no implementada
[2022-11-01T04:35:28.843] [WARN] warnOnly - Ruta /shop/as método GET no implementada
[2022-11-01T04:35:47.789] [WARN] warnOnly - Ruta /shop/asd método GET no implementada
[2022-11-01T04:35:47.792] [WARN] warnOnly - Ruta /shop/a método GET no implementada
[2022-11-01T04:35:47.798] [WARN] warnOnly - Ruta /shop/as método GET no implementada
[2022-11-01T04:36:11.902] [WARN] warnOnly - Ruta /shop/asd método GET no implementada
[2022-11-01T04:36:11.911] [WARN] warnOnly - Ruta /shop/as método GET no implementada
[2022-11-01T04:36:11.913] [WARN] warnOnly - Ruta /shop/a método GET no implementada
[2022-11-01T04:36:47.978] [WARN] warnOnly - Ruta /shop/asd método GET no implementada
[2022-11-01T04:36:47.985] [WARN] warnOnly - Ruta /shop/a método GET no implementada
[2022-11-01T04:36:47.993] [WARN] warnOnly - Ruta /shop/as método GET no implementada
[2022-11-01T04:37:07.153] [WARN] warnOnly - Ruta /shop/asd método GET no implementada
[2022-11-01T04:37:07.166] [WARN] warnOnly - Ruta /shop/as método GET no implementada
[2022-11-01T04:37:07.167] [WARN] warnOnly - Ruta /shop/a método GET no implementada
[2022-11-01T04:37:13.067] [WARN] warnOnly - Ruta /shop/asd método GET no implementada
[2022-11-01T04:37:13.073] [WARN] warnOnly - Ruta /shop/a método GET no implementada
[2022-11-01T04:37:13.082] [WARN] warnOnly - Ruta /shop/as método GET no implementada
[2022-11-01T04:37:23.752] [WARN] warnOnly - Ruta /shop/a método GET no implementada
[2022-11-01T04:37:23.759] [WARN] warnOnly - Ruta /shop/asd método GET no implementada
[2022-11-01T04:37:23.760] [WARN] warnOnly - Ruta /shop/as método GET no implementada
[2022-11-01T04:37:28.361] [WARN] warnOnly - Ruta /mycart/62df0a60b62331a57a3037ec método GET no implementada
[2022-11-01T04:39:12.803] [WARN] warnOnly - Ruta /shop/asd método GET no implementada
[2022-11-01T04:39:12.813] [WARN] warnOnly - Ruta /shop/a método GET no implementada
[2022-11-01T04:39:12.824] [WARN] warnOnly - Ruta /shop/as método GET no implementada
[2022-11-01T04:39:48.813] [WARN] warnOnly - Ruta /shop/asd método GET no implementada
[2022-11-01T04:39:49.084] [WARN] warnOnly - Ruta /shop/a método GET no implementada
[2022-11-01T04:39:49.089] [WARN] warnOnly - Ruta /shop/as método GET no implementada
[2022-11-01T04:40:35.649] [WARN] warnOnly - Ruta /shop/asd método GET no implementada
[2022-11-01T04:40:35.662] [WARN] warnOnly - Ruta /shop/as método GET no implementada
[2022-11-01T04:40:35.664] [WARN] warnOnly - Ruta /shop/a método GET no implementada
[2022-11-01T04:40:45.650] [WARN] warnOnly - Ruta /mycart/6360cd204b8f6610937a4679 método GET no implementada
[2022-11-01T04:40:49.049] [WARN] warnOnly - Ruta /api/ método GET no implementada
[2022-11-01T04:41:16.922] [WARN] warnOnly - Ruta /shop/asd método GET no implementada
[2022-11-01T04:41:17.161] [WARN] warnOnly - Ruta /shop/as método GET no implementada
[2022-11-01T04:41:17.175] [WARN] warnOnly - Ruta /shop/a método GET no implementada
[2022-11-01T04:41:19.886] [WARN] warnOnly - Ruta /shop/asd método GET no implementada
[2022-11-01T04:41:19.905] [WARN] warnOnly - Ruta /shop/a método GET no implementada
[2022-11-01T04:41:19.908] [WARN] warnOnly - Ruta /shop/as método GET no implementada
[2022-11-01T04:41:40.382] [WARN] warnOnly - Ruta /shop/a método GET no implementada
[2022-11-01T04:41:40.393] [WARN] warnOnly - Ruta /shop/as método GET no implementada
[2022-11-01T04:41:40.396] [WARN] warnOnly - Ruta /shop/asd método GET no implementada
[2022-11-01T04:41:49.928] [WARN] warnOnly - Ruta /shop/asd método GET no implementada
[2022-11-01T04:41:49.944] [WARN] warnOnly - Ruta /shop/a método GET no implementada
[2022-11-01T04:41:49.949] [WARN] warnOnly - Ruta /shop/as método GET no implementada
[2022-11-01T04:41:51.968] [WARN] warnOnly - Ruta /mycart/6360cd204b8f6610937a4679 método GET no implementada
[2022-11-01T04:48:47.278] [WARN] warnOnly - Ruta /shop/asd método GET no implementada
[2022-11-01T04:48:47.284] [WARN] warnOnly - Ruta /shop/as método GET no implementada
[2022-11-01T04:48:47.289] [WARN] warnOnly - Ruta /shop/a método GET no implementada
[2022-11-01T04:48:49.464] [WARN] warnOnly - Ruta /shop/as método GET no implementada
[2022-11-01T04:48:49.470] [WARN] warnOnly - Ruta /shop/asd método GET no implementada
[2022-11-01T04:48:49.471] [WARN] warnOnly - Ruta /shop/a método GET no implementada
[2022-11-01T04:48:52.009] [WARN] warnOnly - Ruta /shop/a método GET no implementada
[2022-11-01T04:48:52.015] [WARN] warnOnly - Ruta /shop/asd método GET no implementada
[2022-11-01T04:48:52.016] [WARN] warnOnly - Ruta /shop/as método GET no implementada
[2022-11-01T04:55:07.989] [WARN] warnOnly - Ruta / método GET no implementada
[2022-11-01T04:56:40.274] [WARN] warnOnly - Ruta //api/shop método GET no implementada
[2022-11-01T06:41:11.379] [WARN] warnOnly - Ruta / método GET no implementada
[2022-11-01T06:41:29.804] [WARN] warnOnly - Ruta /favicon.ico método GET no implementada
[2022-11-01T06:41:30.791] [WARN] warnOnly - Ruta /shop/asd método GET no implementada
[2022-11-01T06:41:31.053] [WARN] warnOnly - Ruta /shop/a método GET no implementada
[2022-11-01T06:41:31.067] [WARN] warnOnly - Ruta /shop/as método GET no implementada
[2022-11-01T06:41:32.150] [WARN] warnOnly - Ruta /mycart/6360cd204b8f6610937a4679 método GET no implementada
[2022-11-01T06:41:36.261] [WARN] warnOnly - Ruta /api/ método GET no implementada
[2022-11-01T06:41:51.151] [WARN] warnOnly - Ruta /shop/asd método GET no implementada
[2022-11-01T06:41:51.393] [WARN] warnOnly - Ruta /shop/a método GET no implementada
[2022-11-01T06:41:51.408] [WARN] warnOnly - Ruta /shop/as método GET no implementada
[2022-11-01T06:42:06.426] [WARN] warnOnly - Ruta /shop/a método GET no implementada
[2022-11-01T06:42:06.431] [WARN] warnOnly - Ruta /shop/asd método GET no implementada
[2022-11-01T06:42:06.437] [WARN] warnOnly - Ruta /shop/as método GET no implementada
[2022-11-01T06:42:11.939] [WARN] warnOnly - Ruta /shop/asd método GET no implementada
[2022-11-01T06:42:11.954] [WARN] warnOnly - Ruta /shop/as método GET no implementada
[2022-11-01T06:42:11.956] [WARN] warnOnly - Ruta /shop/a método GET no implementada
[2022-11-01T06:42:30.640] [WARN] warnOnly - Ruta /shop/asd método GET no implementada
[2022-11-01T06:42:30.646] [WARN] warnOnly - Ruta /shop/as método GET no implementada
[2022-11-01T06:42:30.650] [WARN] warnOnly - Ruta /shop/a método GET no implementada
[2022-11-01T06:42:34.250] [WARN] warnOnly - Ruta /mycart/62df0a60b62331a57a3037ec método GET no implementada
[2022-11-01T06:42:36.864] [WARN] warnOnly - Ruta /favicon.ico método GET no implementada
[2022-11-01T06:42:40.562] [WARN] warnOnly - Ruta /favicon.ico método GET no implementada
[2022-11-01T06:42:41.584] [WARN] warnOnly - Ruta /shop/asd método GET no implementada
[2022-11-01T06:42:41.629] [WARN] warnOnly - Ruta /shop/as método GET no implementada
[2022-11-01T06:42:41.631] [WARN] warnOnly - Ruta /shop/a método GET no implementada
[2022-11-01T06:42:44.855] [WARN] warnOnly - Ruta /favicon.ico método GET no implementada
[2022-11-01T06:42:53.728] [WARN] warnOnly - Ruta /shop/a método GET no implementada
[2022-11-01T06:42:53.736] [WARN] warnOnly - Ruta /shop/asd método GET no implementada
[2022-11-01T06:42:53.743] [WARN] warnOnly - Ruta /shop/as método GET no implementada
