[2022-08-17T21:04:56.868] [WARN] warnOnly - ruta / método GET no implementada
[2022-08-17T21:05:01.562] [WARN] warnOnly - ruta /favicon.ico método GET no implementada
[2022-08-17T21:05:06.469] [WARN] warnOnly - ruta /api/ejs.js método GET no implementada
[2022-08-17T21:05:54.515] [WARN] warnOnly - ruta /api/ejs.js método GET no implementada
[2022-08-17T21:05:54.767] [WARN] warnOnly - ruta /favicon.ico método GET no implementada
[2022-08-17T21:06:39.681] [WARN] warnOnly - ruta /api/ejs.js método GET no implementada
[2022-08-17T21:06:39.933] [WARN] warnOnly - ruta /favicon.ico método GET no implementada
[2022-08-17T21:09:33.448] [WARN] warnOnly - ruta /api/ejs.js método GET no implementada
[2022-08-17T21:09:33.591] [WARN] warnOnly - ruta /favicon.ico método GET no implementada
[2022-08-17T21:11:02.296] [WARN] warnOnly - ruta /api/ejs.js método GET no implementada
[2022-08-17T21:11:02.546] [WARN] warnOnly - ruta /favicon.ico método GET no implementada
[2022-08-17T21:20:33.721] [WARN] warnOnly - ruta / método GET no implementada
[2022-08-17T21:20:37.661] [WARN] warnOnly - ruta /api/ejs.js método GET no implementada
[2022-08-17T21:20:37.805] [WARN] warnOnly - ruta /favicon.ico método GET no implementada
[2022-08-17T21:20:49.132] [WARN] warnOnly - ruta /api/ejs.js método GET no implementada
[2022-08-17T21:21:40.745] [WARN] warnOnly - ruta /api/ejs.js método GET no implementada
[2022-08-17T21:21:49.502] [WARN] warnOnly - ruta /api/ejs.js método GET no implementada
[2022-08-17T21:21:49.645] [WARN] warnOnly - ruta /favicon.ico método GET no implementada
[2022-08-17T21:53:18.986] [WARN] warnOnly - ruta /favicon.ico método GET no implementada
[2022-08-17T21:53:24.126] [WARN] warnOnly - ruta /api/asd método GET no implementada
[2022-08-17T21:53:24.129] [WARN] warnOnly - ruta /api/a método GET no implementada
[2022-08-17T21:53:24.370] [WARN] warnOnly - ruta /api/as método GET no implementada
[2022-08-17T21:54:27.349] [WARN] warnOnly - ruta /api/ejs.js método GET no implementada
[2022-08-17T21:54:27.523] [WARN] warnOnly - ruta /favicon.ico método GET no implementada
[2022-08-17T21:54:40.932] [WARN] warnOnly - ruta /favicon.ico método GET no implementada
[2022-08-17T21:54:41.280] [WARN] warnOnly - ruta /api/a método GET no implementada
[2022-08-17T21:54:41.333] [WARN] warnOnly - ruta /api/as método GET no implementada
[2022-08-17T21:54:41.355] [WARN] warnOnly - ruta /api/asd método GET no implementada
[2022-08-17T21:55:09.285] [WARN] warnOnly - ruta /api/a método GET no implementada
[2022-08-17T21:55:09.368] [WARN] warnOnly - ruta /api/as método GET no implementada
[2022-08-17T21:55:09.370] [WARN] warnOnly - ruta /api/asd método GET no implementada
